# JRE version: OpenJDK Runtime Environment (8.0_76-b03) (build 1.8.0_76-release-b03)
# Java VM: OpenJDK 64-Bit Server VM (25.76-b03 mixed mode windows-amd64 compressed oops)
Heap:
 PSYoungGen      total 16896K, used 6382K [0x00000000feb00000, 0x0000000100000000, 0x0000000100000000)
  eden space 13312K, 46% used [0x00000000feb00000,0x00000000ff103bb8,0x00000000ff800000)
  from space 3584K, 6% used [0x00000000ff800000,0x00000000ff838000,0x00000000ffb80000)
  to   space 3584K, 0% used [0x00000000ffc80000,0x00000000ffc80000,0x0000000100000000)
 ParOldGen       total 44032K, used 12190K [0x00000000fc000000, 0x00000000feb00000, 0x00000000feb00000)
  object space 44032K, 27% used [0x00000000fc000000,0x00000000fcbe78f0,0x00000000feb00000)
 Metaspace       used 8091K, capacity 8380K, committed 8448K, reserved 1056768K
  class space    used 915K, capacity 1020K, committed 1024K, reserved 1048576K
GC Heap History (10 events):
Event: 6.485 GC heap before
{Heap before GC invocations=23 (full 0):
 PSYoungGen      total 15360K, used 11456K [0x00000000feb00000, 0x00000000fff00000, 0x0000000100000000)
  eden space 11264K, 100% used [0x00000000feb00000,0x00000000ff600000,0x00000000ff600000)
  from space 4096K, 4% used [0x00000000ffb00000,0x00000000ffb30000,0x00000000fff00000)
  to   space 4608K, 0% used [0x00000000ff600000,0x00000000ff600000,0x00000000ffa80000)
 ParOldGen       total 44032K, used 11488K [0x00000000fc000000, 0x00000000feb00000, 0x00000000feb00000)
  object space 44032K, 26% used [0x00000000fc000000,0x00000000fcb380c0,0x00000000feb00000)
 Metaspace       used 7768K, capacity 7986K, committed 8192K, reserved 1056768K
  class space    used 870K, capacity 957K, committed 1024K, reserved 1048576K
Event: 6.642 GC heap after
Heap after GC invocations=23 (full 0):
 PSYoungGen      total 15872K, used 160K [0x00000000feb00000, 0x0000000100000000, 0x0000000100000000)
  eden space 11264K, 0% used [0x00000000feb00000,0x00000000feb00000,0x00000000ff600000)
  from space 4608K, 3% used [0x00000000ff600000,0x00000000ff628000,0x00000000ffa80000)
  to   space 4608K, 0% used [0x00000000ffb80000,0x00000000ffb80000,0x0000000100000000)
 ParOldGen       total 44032K, used 11560K [0x00000000fc000000, 0x00000000feb00000, 0x00000000feb00000)
  object space 44032K, 26% used [0x00000000fc000000,0x00000000fcb4a0c0,0x00000000feb00000)
 Metaspace       used 7768K, capacity 7986K, committed 8192K, reserved 1056768K
  class space    used 870K, capacity 957K, committed 1024K, reserved 1048576K
}
Event: 6.682 GC heap before
{Heap before GC invocations=24 (full 0):
 PSYoungGen      total 15872K, used 11419K [0x00000000feb00000, 0x0000000100000000, 0x0000000100000000)
  eden space 11264K, 99% used [0x00000000feb00000,0x00000000ff5fed80,0x00000000ff600000)
  from space 4608K, 3% used [0x00000000ff600000,0x00000000ff628000,0x00000000ffa80000)
  to   space 4608K, 0% used [0x00000000ffb80000,0x00000000ffb80000,0x0000000100000000)
 ParOldGen       total 44032K, used 11560K [0x00000000fc000000, 0x00000000feb00000, 0x00000000feb00000)
  object space 44032K, 26% used [0x00000000fc000000,0x00000000fcb4a0c0,0x00000000feb00000)
 Metaspace       used 7768K, capacity 7986K, committed 8192K, reserved 1056768K
  class space    used 870K, capacity 957K, committed 1024K, reserved 1048576K
Event: 6.819 GC heap after
Heap after GC invocations=24 (full 0):
 PSYoungGen      total 15872K, used 192K [0x00000000feb00000, 0x00000000fff00000, 0x0000000100000000)
  eden space 12288K, 0% used [0x00000000feb00000,0x00000000feb00000,0x00000000ff700000)
  from space 3584K, 5% used [0x00000000ffb80000,0x00000000ffbb0000,0x00000000fff00000)
  to   space 4096K, 0% used [0x00000000ff700000,0x00000000ff700000,0x00000000ffb00000)
 ParOldGen       total 44032K, used 11674K [0x00000000fc000000, 0x00000000feb00000, 0x00000000feb00000)
  object space 44032K, 26% used [0x00000000fc000000,0x00000000fcb668d0,0x00000000feb00000)
 Metaspace       used 7768K, capacity 7986K, committed 8192K, reserved 1056768K
  class space    used 870K, capacity 957K, committed 1024K, reserved 1048576K
}
Event: 6.885 GC heap before
{Heap before GC invocations=25 (full 0):
 PSYoungGen      total 15872K, used 12480K [0x00000000feb00000, 0x00000000fff00000, 0x0000000100000000)
  eden space 12288K, 100% used [0x00000000feb00000,0x00000000ff700000,0x00000000ff700000)
  from space 3584K, 5% used [0x00000000ffb80000,0x00000000ffbb0000,0x00000000fff00000)
  to   space 4096K, 0% used [0x00000000ff700000,0x00000000ff700000,0x00000000ffb00000)
 ParOldGen       total 44032K, used 11674K [0x00000000fc000000, 0x00000000feb00000, 0x00000000feb00000)
  object space 44032K, 26% used [0x00000000fc000000,0x00000000fcb668d0,0x00000000feb00000)
 Metaspace       used 7777K, capacity 7986K, committed 8192K, reserved 1056768K
  class space    used 870K, capacity 957K, committed 1024K, reserved 1048576K
Event: 6.895 GC heap after
Heap after GC invocations=25 (full 0):
 PSYoungGen      total 16384K, used 320K [0x00000000feb00000, 0x0000000100000000, 0x0000000100000000)
  eden space 12288K, 0% used [0x00000000feb00000,0x00000000feb00000,0x00000000ff700000)
  from space 4096K, 7% used [0x00000000ff700000,0x00000000ff750000,0x00000000ffb00000)
  to   space 4096K, 0% used [0x00000000ffc00000,0x00000000ffc00000,0x0000000100000000)
 ParOldGen       total 44032K, used 11754K [0x00000000fc000000, 0x00000000feb00000, 0x00000000feb00000)
  object space 44032K, 26% used [0x00000000fc000000,0x00000000fcb7a8d0,0x00000000feb00000)
 Metaspace       used 7777K, capacity 7986K, committed 8192K, reserved 1056768K
  class space    used 870K, capacity 957K, committed 1024K, reserved 1048576K
}
Event: 7.738 GC heap before
{Heap before GC invocations=26 (full 0):
 PSYoungGen      total 16384K, used 12608K [0x00000000feb00000, 0x0000000100000000, 0x0000000100000000)
  eden space 12288K, 100% used [0x00000000feb00000,0x00000000ff700000,0x00000000ff700000)
  from space 4096K, 7% used [0x00000000ff700000,0x00000000ff750000,0x00000000ffb00000)
  to   space 4096K, 0% used [0x00000000ffc00000,0x00000000ffc00000,0x0000000100000000)
 ParOldGen       total 44032K, used 11754K [0x00000000fc000000, 0x00000000feb00000, 0x00000000feb00000)
  object space 44032K, 26% used [0x00000000fc000000,0x00000000fcb7a8d0,0x00000000feb00000)
 Metaspace       used 7803K, capacity 7986K, committed 8192K, reserved 1056768K
  class space    used 870K, capacity 957K, committed 1024K, reserved 1048576K
Event: 7.746 GC heap after
Heap after GC invocations=26 (full 0):
 PSYoungGen      total 16384K, used 689K [0x00000000feb00000, 0x00000000fff00000, 0x0000000100000000)
  eden space 13312K, 0% used [0x00000000feb00000,0x00000000feb00000,0x00000000ff800000)
  from space 3072K, 22% used [0x00000000ffc00000,0x00000000ffcac538,0x00000000fff00000)
  to   space 3584K, 0% used [0x00000000ff800000,0x00000000ff800000,0x00000000ffb80000)
 ParOldGen       total 44032K, used 12046K [0x00000000fc000000, 0x00000000feb00000, 0x00000000feb00000)
  object space 44032K, 27% used [0x00000000fc000000,0x00000000fcbc38f0,0x00000000feb00000)
 Metaspace       used 7803K, capacity 7986K, committed 8192K, reserved 1056768K
  class space    used 870K, capacity 957K, committed 1024K, reserved 1048576K
}
Event: 10.629 GC heap before
{Heap before GC invocations=27 (full 0):
 PSYoungGen      total 16384K, used 14001K [0x00000000feb00000, 0x00000000fff00000, 0x0000000100000000)
  eden space 13312K, 100% used [0x00000000feb00000,0x00000000ff800000,0x00000000ff800000)
  from space 3072K, 22% used [0x00000000ffc00000,0x00000000ffcac538,0x00000000fff00000)
  to   space 3584K, 0% used [0x00000000ff800000,0x00000000ff800000,0x00000000ffb80000)
 ParOldGen       total 44032K, used 12046K [0x00000000fc000000, 0x00000000feb00000, 0x00000000feb00000)
  object space 44032K, 27% used [0x00000000fc000000,0x00000000fcbc38f0,0x00000000feb00000)
 Metaspace       used 7830K, capacity 8050K, committed 8192K, reserved 1056768K
  class space    used 870K, capacity 957K, committed 1024K, reserved 1048576K
Event: 10.630 GC heap after
Heap after GC invocations=27 (full 0):
 PSYoungGen      total 16896K, used 224K [0x00000000feb00000, 0x0000000100000000, 0x0000000100000000)
  eden space 13312K, 0% used [0x00000000feb00000,0x00000000feb00000,0x00000000ff800000)
  from space 3584K, 6% used [0x00000000ff800000,0x00000000ff838000,0x00000000ffb80000)
  to   space 3584K, 0% used [0x00000000ffc80000,0x00000000ffc80000,0x0000000100000000)
 ParOldGen       total 44032K, used 12190K [0x00000000fc000000, 0x00000000feb00000, 0x00000000feb00000)
  object space 44032K, 27% used [0x00000000fc000000,0x00000000fcbe78f0,0x00000000feb00000)
 Metaspace       used 7830K, capacity 8050K, committed 8192K, reserved 1056768K
  class space    used 870K, capacity 957K, committed 1024K, reserved 1048576K
}

